<?xml version="1.0" encoding="UTF-8"?>
<testng-results total="2" passed="2" failed="0" skipped="0">
  <reporter-output>
  </reporter-output>
  <suite started-at="2019-07-30T09:41:26Z" name="Default suite" finished-at="2019-07-30T09:41:26Z" duration-ms="32">
    <groups>
    </groups>
    <test started-at="2019-07-30T09:41:26Z" name="Default test" finished-at="2019-07-30T09:41:26Z" duration-ms="32">
      <class name="com.org.testng.ok.tw.testNg">
        <test-method signature="testAdd()[pri:0, instance:com.org.testng.ok.tw.testNg@704a52ec]" started-at="2019-07-30T17:41:26Z" name="testAdd" finished-at="2019-07-30T17:41:26Z" duration-ms="13" status="PASS">
          <reporter-output>
          </reporter-output>
        </test-method> <!-- testAdd -->
        <test-method signature="testNew()[pri:0, instance:com.org.testng.ok.tw.testNg@704a52ec]" started-at="2019-07-30T17:41:26Z" name="testNew" finished-at="2019-07-30T17:41:26Z" duration-ms="0" status="PASS">
          <reporter-output>
          </reporter-output>
        </test-method> <!-- testNew -->
      </class> <!-- com.org.testng.ok.tw.testNg -->
    </test> <!-- Default test -->
  </suite> <!-- Default suite -->
</testng-results>
